2023-05-23T16:58:04.407263+0300 INFO func number 1 ('start') starting...
2023-05-23T16:58:04.409263+0300 ERROR func number 2 working error. Exception content: type "sex_choices" already exists

2023-05-23T16:58:04.409263+0300 ERROR func number 2 working error. Exception content: type "sex_choices" already exists

2023-05-23T16:58:19.527709+0300 ERROR _wrapper() takes 0 positional arguments but 1 was given
2023-05-23T16:58:19.527709+0300 ERROR _wrapper() takes 0 positional arguments but 1 was given
2023-05-23T16:58:34.658447+0300 INFO func number 2 ('post') starting...
2023-05-23T16:58:34.659583+0300 ERROR func number 2 working error. Exception content: post() missing 1 required positional argument: 'args'
2023-05-23T16:58:34.659583+0300 ERROR func number 2 working error. Exception content: post() missing 1 required positional argument: 'args'
2023-05-23T16:58:49.041044+0300 INFO func number 2 ('post') starting...
2023-05-23T16:58:49.042179+0300 ERROR func number 2 working error. Exception content: Arguments amount must be 5.
2023-05-23T16:58:49.042179+0300 ERROR func number 2 working error. Exception content: Arguments amount must be 5.
2023-05-23T16:58:59.437835+0300 INFO func number 2 ('post') starting...
2023-05-23T16:58:59.439586+0300 ERROR func number 2 working error. Exception content: can't execute an empty query
2023-05-23T16:58:59.439586+0300 ERROR func number 2 working error. Exception content: can't execute an empty query
2023-05-23T17:39:40.465811+0300 INFO func number 2 ('post') starting...
2023-05-23T17:39:40.467870+0300 ERROR func number 2 working error. Exception content: Arguments amount must be 5.
2023-05-23T17:39:40.467870+0300 ERROR func number 2 working error. Exception content: Arguments amount must be 5.
2023-05-23T17:39:48.268651+0300 INFO func number 2 ('post') starting...
2023-05-23T17:39:48.270939+0300 ERROR func number 2 working error. Exception content: Format of birthdate-string isn't valid. It must be like 'dd.mm.yyyy'
2023-05-23T17:39:48.270939+0300 ERROR func number 2 working error. Exception content: Format of birthdate-string isn't valid. It must be like 'dd.mm.yyyy'
2023-05-23T17:40:25.008026+0300 INFO func number 2 ('post') starting...
2023-05-23T17:40:25.010015+0300 ERROR func number 2 working error. Exception content: Format of birthdate-string isn't valid. It must be like 'dd.mm.yyyy'
2023-05-23T17:40:25.010015+0300 ERROR func number 2 working error. Exception content: Format of birthdate-string isn't valid. It must be like 'dd.mm.yyyy'
2023-05-23T17:41:17.549245+0300 INFO func number 2 ('post') starting...
2023-05-23T17:41:17.551245+0300 ERROR func number 2 working error. Exception content: Format of birthdate-string isn't valid. It must be like 'dd.mm.yyyy'
2023-05-23T17:41:17.551245+0300 ERROR func number 2 working error. Exception content: Format of birthdate-string isn't valid. It must be like 'dd.mm.yyyy'
2023-05-23T17:42:01.984219+0300 INFO func number 2 ('post') starting...
2023-05-23T17:42:01.986221+0300 ERROR func number 2 working error. Exception content: Format of birthdate-string isn't valid. It must be like 'dd.mm.yyyy'
2023-05-23T17:42:01.986221+0300 ERROR func number 2 working error. Exception content: Format of birthdate-string isn't valid. It must be like 'dd.mm.yyyy'
2023-05-23T17:43:21.372424+0300 INFO func number 2 ('post') starting...
2023-05-23T17:43:21.374668+0300 ERROR func number 2 working error. Exception content: module 'secondary_funcs.strings' has no attribute 'sql'
2023-05-23T17:43:21.374668+0300 ERROR func number 2 working error. Exception content: module 'secondary_funcs.strings' has no attribute 'sql'
2023-05-23T17:46:13.838373+0300 INFO func number 2 ('post') starting...
2023-05-23T17:46:13.840336+0300 ERROR func number 2 working error. Exception content: module 'secondary_funcs.strings' has no attribute 'sql'
2023-05-23T17:46:13.840336+0300 ERROR func number 2 working error. Exception content: module 'secondary_funcs.strings' has no attribute 'sql'
2023-05-23T17:50:05.452138+0300 INFO func number 2 ('post') starting...
2023-05-23T17:50:05.454095+0300 ERROR func number 2 working error. Exception content: module 'secondary_funcs.strings' has no attribute 'sql'
2023-05-23T17:50:05.454095+0300 ERROR func number 2 working error. Exception content: module 'secondary_funcs.strings' has no attribute 'sql'
2023-05-23T17:50:46.532125+0300 INFO func number 2 ('post') starting...
2023-05-23T17:50:46.533280+0300 ERROR func number 2 working error. Exception content: module 'secondary_funcs.strings' has no attribute 'sql'
2023-05-23T17:50:46.533280+0300 ERROR func number 2 working error. Exception content: module 'secondary_funcs.strings' has no attribute 'sql'
2023-05-23T17:51:01.666682+0300 INFO func number 2 ('post') starting...
2023-05-23T17:51:01.668645+0300 ERROR func number 2 working error. Exception content: module 'secondary_funcs.strings' has no attribute 'sql'
2023-05-23T17:51:01.668645+0300 ERROR func number 2 working error. Exception content: module 'secondary_funcs.strings' has no attribute 'sql'
2023-05-23T17:51:10.978149+0300 INFO func number 2 ('post') starting...
2023-05-23T17:51:10.979109+0300 ERROR func number 2 working error. Exception content: module 'secondary_funcs.strings' has no attribute 'sql'
2023-05-23T17:51:10.979109+0300 ERROR func number 2 working error. Exception content: module 'secondary_funcs.strings' has no attribute 'sql'
2023-05-23T17:51:52.809264+0300 INFO func number 2 ('post') starting...
2023-05-23T17:51:52.811265+0300 ERROR module 'secondary_funcs.strings' has no attribute 'sql'
2023-05-23T17:51:52.811265+0300 ERROR module 'secondary_funcs.strings' has no attribute 'sql'
2023-05-23T17:52:19.853126+0300 INFO func number 2 ('post') starting...
2023-05-23T17:55:12.697925+0300 INFO func number 2 ('post') starting...
2023-05-23T17:55:12.698925+0300 ERROR func number 2 working error. Exception content: 'dict' object is not callable
2023-05-23T17:55:12.698925+0300 ERROR func number 2 working error. Exception content: 'dict' object is not callable
2023-05-23T17:55:54.701075+0300 INFO func number 2 ('post') starting...
2023-05-23T17:56:34.718359+0300 INFO func number 2 ('post') starting...
2023-05-23T17:58:32.118170+0300 INFO func number 2 ('post') starting...
2023-05-23T17:58:32.125036+0300 INFO func number 2 ('post') successfully completed!
2023-05-23T17:58:32.126038+0300 INFO func number 2 ('post') working took 0.0 sec.
2023-05-23T17:58:57.084024+0300 INFO func number 2 ('post') starting...
2023-05-23T17:58:57.087391+0300 ERROR func number 2 working error. Exception content: Got an invalid sex param. It must be male or female
2023-05-23T17:58:57.087391+0300 ERROR func number 2 working error. Exception content: Got an invalid sex param. It must be male or female
2023-05-23T18:00:09.566263+0300 INFO func number 2 ('post') starting...
2023-05-23T18:00:09.569232+0300 ERROR func number 2 working error. Exception content: Got an invalid sex param. It must be male or female
2023-05-23T18:00:09.569232+0300 ERROR func number 2 working error. Exception content: Got an invalid sex param. It must be male or female
2023-05-23T18:00:15.986335+0300 INFO func number 2 ('post') starting...
2023-05-23T18:00:15.993334+0300 INFO func number 2 ('post') successfully completed!
2023-05-23T18:00:15.995334+0300 INFO func number 2 ('post') working took 0.0159999999741558 sec.
2023-05-23T18:14:18.184884+0300 INFO func number 2 ('post') starting...
2023-05-23T18:14:18.186388+0300 ERROR func number 2 working error. Exception content: too many values to unpack (expected 3)
2023-05-23T18:14:18.186388+0300 ERROR func number 2 working error. Exception content: too many values to unpack (expected 3)
2023-05-23T18:15:33.648946+0300 INFO func number 2 ('post') starting...
2023-05-23T18:15:33.657430+0300 INFO func number 2 ('post') successfully completed!
2023-05-23T18:15:33.658428+0300 INFO func number 2 ('post') working took 0.0 sec.
2023-05-23T18:16:22.799932+0300 INFO func number 2 ('post') starting...
2023-05-23T18:16:22.806127+0300 INFO func number 2 ('post') successfully completed!
2023-05-23T18:16:22.807090+0300 INFO func number 2 ('post') working took 0.014999999984866008 sec.
2023-05-23T18:19:17.192892+0300 INFO func number 1 ('start') starting...
2023-05-23T18:19:17.193892+0300 ERROR func number 2 working error. Exception content: 'NoneType' object has no attribute 'cursor'
2023-05-23T18:19:17.193892+0300 ERROR func number 2 working error. Exception content: 'NoneType' object has no attribute 'cursor'
2023-05-23T18:20:18.250902+0300 INFO func number 1 ('start') starting...
2023-05-23T18:20:18.252340+0300 ERROR func number 2 working error. Exception content: syntax error at or near "["
LINE 1: CREATE TYPE sex_choices AS ENUM (["'male'", "'female'"]);
                                         ^

2023-05-23T18:20:18.252340+0300 ERROR func number 2 working error. Exception content: syntax error at or near "["
LINE 1: CREATE TYPE sex_choices AS ENUM (["'male'", "'female'"]);
                                         ^

2023-05-23T18:20:52.883526+0300 INFO func number 1 ('start') starting...
2023-05-23T18:20:52.904744+0300 INFO func number 1 ('start') successfully completed!
2023-05-23T18:20:52.906744+0300 INFO func number 1 ('start') working took 0.01600000000325963 sec.
2023-05-23T18:21:10.434380+0300 INFO func number 2 ('post') starting...
2023-05-23T18:21:10.442954+0300 INFO func number 2 ('post') successfully completed!
2023-05-23T18:21:10.443937+0300 INFO func number 2 ('post') working took 0.01600000000325963 sec.
